<?xml version="1.0" encoding="UTF-8"?>
<testsuite xmlns:xsi="http://www.w3.org/2001/XMLSchema-instance" xsi:noNamespaceSchemaLocation="https://maven.apache.org/surefire/maven-surefire-plugin/xsd/surefire-test-report-3.0.xsd" version="3.0" name="com.musiclibrary.repository.TrackRepositoryTest" time="0.032" tests="6" errors="0" skipped="0" failures="0">
  <properties>
[...]
</properties>
  <testcase name="removeTrack_existingTrack_isRemovedFromList" classname="com.musiclibrary.repository.TrackRepositoryTest" time="0.02"/>
  <testcase name="findAll_emptyRepo_returnsEmptyList" classname="com.musiclibrary.repository.TrackRepositoryTest" time="0.0"/>
  <testcase name="findById_nonExistingId_returnsEmpty" classname="com.musiclibrary.repository.TrackRepositoryTest" time="0.0"/>
  <testcase name="findById_existingTrack_returnsTrack" classname="com.musiclibrary.repository.TrackRepositoryTest" time="0.002"/>
  <testcase name="addTrack_validTrack_isPresentInFindAll" classname="com.musiclibrary.repository.TrackRepositoryTest" time="0.0"/>
  <testcase name="updateTrack_changesTitle_updatedInList" classname="com.musiclibrary.repository.TrackRepositoryTest" time="0.0"/>
</testsuite>